mode: set
github.com/ottenwbe/recipes-manager/config/config.go:32.13,34.2 1 1
github.com/ottenwbe/recipes-manager/config/config.go:41.63,47.2 3 1
github.com/ottenwbe/recipes-manager/config/config.go:50.48,52.2 1 1
github.com/ottenwbe/recipes-manager/config/config.go:55.52,57.2 1 1
github.com/ottenwbe/recipes-manager/config/config.go:60.50,62.2 1 1
github.com/ottenwbe/recipes-manager/config/config.go:65.63,67.2 1 1
github.com/ottenwbe/recipes-manager/config/config.go:70.43,72.2 1 1
github.com/ottenwbe/recipes-manager/config/config.go:74.35,79.2 4 1
github.com/ottenwbe/recipes-manager/config/config.go:81.59,84.23 3 1
github.com/ottenwbe/recipes-manager/config/config.go:84.23,86.3 1 1
github.com/ottenwbe/recipes-manager/config/config.go:88.2,89.16 2 1
github.com/ottenwbe/recipes-manager/config/config.go:89.16,91.3 1 1
github.com/ottenwbe/recipes-manager/config/config.go:95.31,97.2 1 0
