mode: set
github.com/ottenwbe/recipes-manager/account/accounts.go:47.57,53.2 1 1
github.com/ottenwbe/recipes-manager/account/accounts_db.go:51.62,58.16 3 1
github.com/ottenwbe/recipes-manager/account/accounts_db.go:58.16,60.3 1 0
github.com/ottenwbe/recipes-manager/account/accounts_db.go:62.2,62.18 1 1
github.com/ottenwbe/recipes-manager/account/accounts_db.go:66.66,71.16 5 1
github.com/ottenwbe/recipes-manager/account/accounts_db.go:71.16,73.3 1 0
github.com/ottenwbe/recipes-manager/account/accounts_db.go:74.2,74.12 1 1
github.com/ottenwbe/recipes-manager/account/accounts_db.go:78.71,83.16 5 1
github.com/ottenwbe/recipes-manager/account/accounts_db.go:83.16,85.3 1 0
github.com/ottenwbe/recipes-manager/account/accounts_db.go:86.2,86.12 1 1
github.com/ottenwbe/recipes-manager/account/accounts_db.go:90.82,98.16 6 1
github.com/ottenwbe/recipes-manager/account/accounts_db.go:98.16,100.3 1 1
github.com/ottenwbe/recipes-manager/account/accounts_db.go:101.2,101.17 1 1
github.com/ottenwbe/recipes-manager/account/accounts_db.go:105.75,112.16 6 1
github.com/ottenwbe/recipes-manager/account/accounts_db.go:112.16,114.3 1 1
github.com/ottenwbe/recipes-manager/account/accounts_db.go:116.2,116.21 1 1
github.com/ottenwbe/recipes-manager/account/accounts_db.go:119.74,121.2 1 1
github.com/ottenwbe/recipes-manager/account/accounts_db.go:123.73,125.2 1 1
github.com/ottenwbe/recipes-manager/account/accounts_db.go:127.56,141.2 6 1
github.com/ottenwbe/recipes-manager/account/keycloak_api.go:66.13,71.21 3 1
github.com/ottenwbe/recipes-manager/account/keycloak_api.go:71.21,76.3 4 0
github.com/ottenwbe/recipes-manager/account/keycloak_api.go:80.61,82.21 1 1
github.com/ottenwbe/recipes-manager/account/keycloak_api.go:82.21,84.21 1 0
github.com/ottenwbe/recipes-manager/account/keycloak_api.go:84.21,87.4 2 0
github.com/ottenwbe/recipes-manager/account/keycloak_api.go:89.3,93.54 2 0
github.com/ottenwbe/recipes-manager/account/keycloak_api.go:93.54,95.4 1 0
github.com/ottenwbe/recipes-manager/account/keycloak_api.go:96.8,98.3 1 1
github.com/ottenwbe/recipes-manager/account/keycloak_api.go:101.46,105.16 3 0
github.com/ottenwbe/recipes-manager/account/keycloak_api.go:105.16,107.3 1 0
github.com/ottenwbe/recipes-manager/account/keycloak_api.go:109.2,115.12 6 0
github.com/ottenwbe/recipes-manager/account/keycloak_api.go:118.81,129.2 3 0
github.com/ottenwbe/recipes-manager/account/keycloak_api.go:138.124,139.30 1 0
github.com/ottenwbe/recipes-manager/account/keycloak_api.go:139.30,150.71 6 0
github.com/ottenwbe/recipes-manager/account/keycloak_api.go:150.71,157.18 4 0
github.com/ottenwbe/recipes-manager/account/keycloak_api.go:157.18,161.5 3 0
github.com/ottenwbe/recipes-manager/account/keycloak_api.go:163.4,165.66 2 0
github.com/ottenwbe/recipes-manager/account/keycloak_api.go:165.66,167.5 1 0
github.com/ottenwbe/recipes-manager/account/keycloak_api.go:167.10,169.5 1 0
github.com/ottenwbe/recipes-manager/account/keycloak_api.go:170.9,173.4 2 0
github.com/ottenwbe/recipes-manager/account/keycloak_api.go:177.100,181.25 2 0
github.com/ottenwbe/recipes-manager/account/keycloak_api.go:181.25,183.17 2 0
github.com/ottenwbe/recipes-manager/account/keycloak_api.go:183.17,185.4 1 0
github.com/ottenwbe/recipes-manager/account/keycloak_api.go:189.78,191.16 2 0
github.com/ottenwbe/recipes-manager/account/keycloak_api.go:191.16,193.3 1 0
github.com/ottenwbe/recipes-manager/account/keycloak_api.go:195.2,196.16 2 0
github.com/ottenwbe/recipes-manager/account/keycloak_api.go:196.16,198.3 1 0
github.com/ottenwbe/recipes-manager/account/keycloak_api.go:199.2,202.9 3 0
github.com/ottenwbe/recipes-manager/account/keycloak_api.go:202.9,204.3 1 0
github.com/ottenwbe/recipes-manager/account/keycloak_api.go:206.2,207.20 2 0
github.com/ottenwbe/recipes-manager/account/keycloak_api.go:217.129,218.38 1 0
github.com/ottenwbe/recipes-manager/account/keycloak_api.go:218.38,220.80 1 0
github.com/ottenwbe/recipes-manager/account/keycloak_api.go:220.80,222.4 1 0
github.com/ottenwbe/recipes-manager/account/keycloak_api.go:222.9,224.18 2 0
github.com/ottenwbe/recipes-manager/account/keycloak_api.go:224.18,227.5 2 0
github.com/ottenwbe/recipes-manager/account/keycloak_api.go:227.10,228.67 1 0
github.com/ottenwbe/recipes-manager/account/keycloak_api.go:228.67,231.6 2 0
github.com/ottenwbe/recipes-manager/account/keycloak_api.go:231.11,234.6 2 0
github.com/ottenwbe/recipes-manager/account/keycloak_api.go:247.102,248.38 1 0
github.com/ottenwbe/recipes-manager/account/keycloak_api.go:248.38,259.3 6 0
github.com/ottenwbe/recipes-manager/account/keycloak_api.go:269.69,270.38 1 0
github.com/ottenwbe/recipes-manager/account/keycloak_api.go:270.38,273.3 2 0
github.com/ottenwbe/recipes-manager/account/sate.go:24.13,26.2 1 1
github.com/ottenwbe/recipes-manager/account/sate.go:29.51,32.2 2 1
github.com/ottenwbe/recipes-manager/account/sate.go:35.53,37.31 1 1
github.com/ottenwbe/recipes-manager/account/sate.go:37.31,40.3 2 1
github.com/ottenwbe/recipes-manager/account/sate.go:41.2,41.12 1 0
github.com/ottenwbe/recipes-manager/account/sate.go:45.64,48.16 3 1
github.com/ottenwbe/recipes-manager/account/sate.go:48.16,50.3 1 0
github.com/ottenwbe/recipes-manager/account/sate.go:51.2,59.14 6 1
github.com/ottenwbe/recipes-manager/account/sate.go:62.67,68.2 1 1
github.com/ottenwbe/recipes-manager/account/token.go:45.36,49.2 1 0
github.com/ottenwbe/recipes-manager/account/token.go:57.113,60.16 2 0
github.com/ottenwbe/recipes-manager/account/token.go:60.16,62.3 1 0
github.com/ottenwbe/recipes-manager/account/token.go:64.2,69.16 5 0
github.com/ottenwbe/recipes-manager/account/token.go:69.16,72.3 2 0
github.com/ottenwbe/recipes-manager/account/token.go:74.2,74.30 1 0
github.com/ottenwbe/recipes-manager/account/token.go:78.48,81.2 1 0
github.com/ottenwbe/recipes-manager/account/token.go:84.111,87.16 2 0
github.com/ottenwbe/recipes-manager/account/token.go:87.16,89.3 1 0
github.com/ottenwbe/recipes-manager/account/token.go:89.8,91.3 1 0
github.com/ottenwbe/recipes-manager/account/token.go:93.2,93.44 1 0
github.com/ottenwbe/recipes-manager/account/token.go:97.105,104.2 5 0
github.com/ottenwbe/recipes-manager/account/token.go:106.101,108.16 2 0
github.com/ottenwbe/recipes-manager/account/token.go:108.16,111.3 2 0
github.com/ottenwbe/recipes-manager/account/token.go:113.2,114.53 2 0
github.com/ottenwbe/recipes-manager/account/token.go:114.53,117.3 2 0
github.com/ottenwbe/recipes-manager/account/token.go:119.2,119.26 1 0
github.com/ottenwbe/recipes-manager/config/config.go:32.13,34.2 1 1
github.com/ottenwbe/recipes-manager/config/config.go:41.63,47.2 3 1
github.com/ottenwbe/recipes-manager/config/config.go:50.48,52.2 1 1
github.com/ottenwbe/recipes-manager/config/config.go:55.52,57.2 1 1
github.com/ottenwbe/recipes-manager/config/config.go:60.50,62.2 1 1
github.com/ottenwbe/recipes-manager/config/config.go:65.63,67.2 1 1
github.com/ottenwbe/recipes-manager/config/config.go:70.43,72.2 1 1
github.com/ottenwbe/recipes-manager/config/config.go:74.35,79.2 4 1
github.com/ottenwbe/recipes-manager/config/config.go:81.59,84.23 3 1
github.com/ottenwbe/recipes-manager/config/config.go:84.23,86.3 1 1
github.com/ottenwbe/recipes-manager/config/config.go:88.2,89.16 2 1
github.com/ottenwbe/recipes-manager/config/config.go:89.16,91.3 1 1
github.com/ottenwbe/recipes-manager/config/config.go:95.31,97.2 1 0
github.com/ottenwbe/recipes-manager/core/api.go:30.43,33.2 2 0
github.com/ottenwbe/recipes-manager/core/api.go:41.46,43.2 1 0
github.com/ottenwbe/recipes-manager/core/db.go:20.38,25.2 4 1
github.com/ottenwbe/recipes-manager/core/db_mongo_client.go:28.37,30.2 1 1
github.com/ottenwbe/recipes-manager/core/db_mongo_client.go:33.36,35.21 1 1
github.com/ottenwbe/recipes-manager/core/db_mongo_client.go:35.21,39.3 3 1
github.com/ottenwbe/recipes-manager/core/db_mongo_client.go:40.2,40.60 1 1
github.com/ottenwbe/recipes-manager/core/db_mongo_client.go:44.50,48.21 3 1
github.com/ottenwbe/recipes-manager/core/db_mongo_client.go:48.21,51.17 2 1
github.com/ottenwbe/recipes-manager/core/db_mongo_client.go:51.17,53.4 1 0
github.com/ottenwbe/recipes-manager/core/db_mongo_client.go:54.8,56.3 1 0
github.com/ottenwbe/recipes-manager/core/db_mongo_client.go:58.2,58.12 1 1
github.com/ottenwbe/recipes-manager/core/db_mongo_client.go:62.44,66.21 3 1
github.com/ottenwbe/recipes-manager/core/db_mongo_client.go:66.21,70.3 3 1
github.com/ottenwbe/recipes-manager/core/db_mongo_client.go:71.2,73.8 2 1
github.com/ottenwbe/recipes-manager/core/db_mongo_client.go:76.60,77.16 1 1
github.com/ottenwbe/recipes-manager/core/db_mongo_client.go:77.16,79.3 1 0
github.com/ottenwbe/recipes-manager/core/db_mongo_client.go:81.2,83.16 3 1
github.com/ottenwbe/recipes-manager/core/db_mongo_client.go:83.16,86.3 2 0
github.com/ottenwbe/recipes-manager/core/db_mongo_client.go:87.2,88.16 2 1
github.com/ottenwbe/recipes-manager/core/db_mongo_client.go:88.16,91.3 2 0
github.com/ottenwbe/recipes-manager/core/db_mongo_client.go:93.2,93.8 1 1
github.com/ottenwbe/recipes-manager/core/db_mongo_client.go:96.50,98.2 1 1
github.com/ottenwbe/recipes-manager/core/http.go:39.13,44.2 4 1
github.com/ottenwbe/recipes-manager/core/http.go:78.27,85.2 3 1
github.com/ottenwbe/recipes-manager/core/http.go:99.83,101.2 1 0
github.com/ottenwbe/recipes-manager/core/http.go:103.80,105.9 2 1
github.com/ottenwbe/recipes-manager/core/http.go:105.9,109.3 2 1
github.com/ottenwbe/recipes-manager/core/http.go:110.2,110.31 1 1
github.com/ottenwbe/recipes-manager/core/http.go:113.30,115.2 1 1
github.com/ottenwbe/recipes-manager/core/http.go:118.48,120.9 2 1
github.com/ottenwbe/recipes-manager/core/http.go:120.9,123.3 2 1
github.com/ottenwbe/recipes-manager/core/http.go:124.2,124.11 1 1
github.com/ottenwbe/recipes-manager/core/http.go:127.49,129.2 1 1
github.com/ottenwbe/recipes-manager/core/http.go:132.34,141.2 5 1
github.com/ottenwbe/recipes-manager/core/http.go:147.47,149.2 1 1
github.com/ottenwbe/recipes-manager/core/http.go:152.71,154.2 1 0
github.com/ottenwbe/recipes-manager/core/http.go:157.71,159.2 1 0
github.com/ottenwbe/recipes-manager/core/http.go:162.74,164.2 1 0
github.com/ottenwbe/recipes-manager/core/http.go:167.73,169.2 1 0
github.com/ottenwbe/recipes-manager/core/http.go:172.72,174.2 1 0
github.com/ottenwbe/recipes-manager/core/http.go:177.35,179.2 1 1
github.com/ottenwbe/recipes-manager/core/http.go:181.55,182.30 1 1
github.com/ottenwbe/recipes-manager/core/http.go:182.30,188.36 5 0
github.com/ottenwbe/recipes-manager/core/http.go:188.36,191.4 2 0
github.com/ottenwbe/recipes-manager/core/http.go:193.3,193.11 1 0
github.com/ottenwbe/recipes-manager/core/http.go:205.69,214.2 1 1
github.com/ottenwbe/recipes-manager/core/http.go:217.56,219.2 1 0
github.com/ottenwbe/recipes-manager/core/http.go:222.25,224.2 1 1
github.com/ottenwbe/recipes-manager/core/http.go:227.39,229.12 2 0
github.com/ottenwbe/recipes-manager/core/http.go:229.12,230.51 1 0
github.com/ottenwbe/recipes-manager/core/http.go:230.51,232.4 1 0
github.com/ottenwbe/recipes-manager/core/http.go:233.3,233.25 1 0
github.com/ottenwbe/recipes-manager/core/http.go:235.2,235.24 1 0
github.com/ottenwbe/recipes-manager/core/http.go:239.31,244.2 4 0
github.com/ottenwbe/recipes-manager/core/logging.go:36.13,42.16 4 1
github.com/ottenwbe/recipes-manager/core/logging.go:42.16,44.3 1 0
github.com/ottenwbe/recipes-manager/core/logging.go:45.2,45.21 1 1
github.com/ottenwbe/recipes-manager/core/version.go:47.28,48.25 1 1
github.com/ottenwbe/recipes-manager/core/version.go:48.25,53.3 1 1
github.com/ottenwbe/recipes-manager/core/version.go:54.2,54.19 1 1
github.com/ottenwbe/recipes-manager/docs/docs.go:614.13,616.2 1 1
github.com/ottenwbe/recipes-manager/main.go:16.13,18.2 1 1
github.com/ottenwbe/recipes-manager/main.go:28.13,42.2 7 0
github.com/ottenwbe/recipes-manager/main.go:44.46,48.2 3 0
github.com/ottenwbe/recipes-manager/main.go:50.48,53.2 2 0
github.com/ottenwbe/recipes-manager/main.go:55.87,62.2 4 0
github.com/ottenwbe/recipes-manager/main.go:64.103,71.2 5 0
github.com/ottenwbe/recipes-manager/main.go:73.35,78.16 4 0
github.com/ottenwbe/recipes-manager/main.go:78.16,80.3 1 0
github.com/ottenwbe/recipes-manager/main.go:80.8,86.3 2 0
github.com/ottenwbe/recipes-manager/main.go:88.2,88.22 1 0
github.com/ottenwbe/recipes-manager/main.go:91.44,92.16 1 0
github.com/ottenwbe/recipes-manager/main.go:92.16,94.3 1 0
github.com/ottenwbe/recipes-manager/main.go:97.45,98.16 1 0
github.com/ottenwbe/recipes-manager/main.go:98.16,100.3 1 0
github.com/ottenwbe/recipes-manager/main.go:103.29,104.16 1 0
github.com/ottenwbe/recipes-manager/main.go:104.16,106.3 1 0
github.com/ottenwbe/recipes-manager/recipes/recipes_api.go:58.69,65.2 2 1
github.com/ottenwbe/recipes-manager/recipes/recipes_api.go:68.31,70.2 1 1
github.com/ottenwbe/recipes-manager/recipes/recipes_api.go:72.33,74.25 1 1
github.com/ottenwbe/recipes-manager/recipes/recipes_api.go:74.25,77.3 2 0
github.com/ottenwbe/recipes-manager/recipes/recipes_api.go:79.2,79.25 1 1
github.com/ottenwbe/recipes-manager/recipes/recipes_api.go:79.25,82.3 2 0
github.com/ottenwbe/recipes-manager/recipes/recipes_api.go:84.2,108.68 9 1
github.com/ottenwbe/recipes-manager/recipes/recipes_api.go:119.61,123.2 3 1
github.com/ottenwbe/recipes-manager/recipes/recipes_api.go:134.59,138.37 4 0
github.com/ottenwbe/recipes-manager/recipes/recipes_api.go:138.37,140.3 1 0
github.com/ottenwbe/recipes-manager/recipes/recipes_api.go:140.8,142.3 1 0
github.com/ottenwbe/recipes-manager/recipes/recipes_api.go:153.58,159.18 4 1
github.com/ottenwbe/recipes-manager/recipes/recipes_api.go:159.18,161.3 1 1
github.com/ottenwbe/recipes-manager/recipes/recipes_api.go:163.2,163.36 1 1
github.com/ottenwbe/recipes-manager/recipes/recipes_api.go:163.36,165.3 1 1
github.com/ottenwbe/recipes-manager/recipes/recipes_api.go:165.8,167.3 1 1
github.com/ottenwbe/recipes-manager/recipes/recipes_api.go:180.53,190.2 5 1
github.com/ottenwbe/recipes-manager/recipes/recipes_api.go:201.52,210.18 6 1
github.com/ottenwbe/recipes-manager/recipes/recipes_api.go:210.18,212.3 1 1
github.com/ottenwbe/recipes-manager/recipes/recipes_api.go:214.2,214.36 1 1
github.com/ottenwbe/recipes-manager/recipes/recipes_api.go:214.36,216.3 1 0
github.com/ottenwbe/recipes-manager/recipes/recipes_api.go:216.8,218.3 1 1
github.com/ottenwbe/recipes-manager/recipes/recipes_api.go:232.52,238.56 3 1
github.com/ottenwbe/recipes-manager/recipes/recipes_api.go:238.56,241.3 2 0
github.com/ottenwbe/recipes-manager/recipes/recipes_api.go:244.2,245.44 2 1
github.com/ottenwbe/recipes-manager/recipes/recipes_api.go:245.44,248.3 2 0
github.com/ottenwbe/recipes-manager/recipes/recipes_api.go:251.2,252.63 2 1
github.com/ottenwbe/recipes-manager/recipes/recipes_api.go:252.63,254.3 1 0
github.com/ottenwbe/recipes-manager/recipes/recipes_api.go:254.8,256.3 1 1
github.com/ottenwbe/recipes-manager/recipes/recipes_api.go:268.54,270.44 2 1
github.com/ottenwbe/recipes-manager/recipes/recipes_api.go:270.44,273.3 2 1
github.com/ottenwbe/recipes-manager/recipes/recipes_api.go:275.2,276.53 2 1
github.com/ottenwbe/recipes-manager/recipes/recipes_api.go:276.53,278.3 1 0
github.com/ottenwbe/recipes-manager/recipes/recipes_api.go:278.8,280.3 1 1
github.com/ottenwbe/recipes-manager/recipes/recipes_api.go:293.55,295.54 2 1
github.com/ottenwbe/recipes-manager/recipes/recipes_api.go:295.54,299.3 2 0
github.com/ottenwbe/recipes-manager/recipes/recipes_api.go:299.8,301.3 1 1
github.com/ottenwbe/recipes-manager/recipes/recipes_api.go:304.45,306.30 2 1
github.com/ottenwbe/recipes-manager/recipes/recipes_api.go:306.30,308.65 2 1
github.com/ottenwbe/recipes-manager/recipes/recipes_api.go:308.65,310.4 1 1
github.com/ottenwbe/recipes-manager/recipes/recipes_api.go:310.9,312.4 1 0
github.com/ottenwbe/recipes-manager/recipes/recipes_api.go:314.2,314.23 1 1
github.com/ottenwbe/recipes-manager/recipes/recipes_api.go:317.65,320.27 2 1
github.com/ottenwbe/recipes-manager/recipes/recipes_api.go:320.27,322.3 1 1
github.com/ottenwbe/recipes-manager/recipes/recipes_api.go:324.2,324.15 1 1
github.com/ottenwbe/recipes-manager/recipes/recipes_api.go:327.62,329.2 1 1
github.com/ottenwbe/recipes-manager/recipes/recipes_api.go:331.64,337.2 1 1
github.com/ottenwbe/recipes-manager/recipes/recipes_db_builder.go:10.44,15.2 4 1
github.com/ottenwbe/recipes-manager/recipes/recipes_model.go:53.35,55.2 1 1
github.com/ottenwbe/recipes-manager/recipes/recipes_model.go:58.33,60.2 1 1
github.com/ottenwbe/recipes-manager/recipes/recipes_model.go:63.29,65.2 1 1
github.com/ottenwbe/recipes-manager/recipes/recipes_model.go:69.63,70.50 1 1
github.com/ottenwbe/recipes-manager/recipes/recipes_model.go:70.50,72.3 1 1
github.com/ottenwbe/recipes-manager/recipes/recipes_model.go:72.8,74.3 1 1
github.com/ottenwbe/recipes-manager/recipes/recipes_model.go:75.2,75.8 1 1
github.com/ottenwbe/recipes-manager/recipes/recipes_model.go:101.47,107.2 1 1
github.com/ottenwbe/recipes-manager/recipes/recipes_model.go:139.33,144.2 1 1
github.com/ottenwbe/recipes-manager/recipes/recipes_model.go:147.37,156.2 1 1
github.com/ottenwbe/recipes-manager/recipes/recipes_model.go:159.32,161.16 2 1
github.com/ottenwbe/recipes-manager/recipes/recipes_model.go:161.16,164.3 2 0
github.com/ottenwbe/recipes-manager/recipes/recipes_model.go:165.2,165.14 1 1
github.com/ottenwbe/recipes-manager/recipes/recipes_model.go:169.34,171.2 1 1
github.com/ottenwbe/recipes-manager/recipes/recipes_model.go:174.42,175.31 1 1
github.com/ottenwbe/recipes-manager/recipes/recipes_model.go:175.31,176.34 1 1
github.com/ottenwbe/recipes-manager/recipes/recipes_model.go:176.34,178.4 1 1
github.com/ottenwbe/recipes-manager/recipes/recipes_model.go:183.41,187.2 3 1
github.com/ottenwbe/recipes-manager/recipes/recipes_mongo_db.go:37.57,39.2 1 1
github.com/ottenwbe/recipes-manager/recipes/recipes_mongo_db.go:42.33,45.35 3 1
github.com/ottenwbe/recipes-manager/recipes/recipes_mongo_db.go:45.35,47.3 1 0
github.com/ottenwbe/recipes-manager/recipes/recipes_mongo_db.go:48.2,52.35 5 1
github.com/ottenwbe/recipes-manager/recipes/recipes_mongo_db.go:52.35,54.3 1 0
github.com/ottenwbe/recipes-manager/recipes/recipes_mongo_db.go:58.52,66.16 6 1
github.com/ottenwbe/recipes-manager/recipes/recipes_mongo_db.go:66.16,69.3 2 0
github.com/ottenwbe/recipes-manager/recipes/recipes_mongo_db.go:70.2,70.15 1 1
github.com/ottenwbe/recipes-manager/recipes/recipes_mongo_db.go:70.15,70.38 1 1
github.com/ottenwbe/recipes-manager/recipes/recipes_mongo_db.go:71.2,72.16 2 1
github.com/ottenwbe/recipes-manager/recipes/recipes_mongo_db.go:72.16,75.3 2 0
github.com/ottenwbe/recipes-manager/recipes/recipes_mongo_db.go:76.2,76.8 1 1
github.com/ottenwbe/recipes-manager/recipes/recipes_mongo_db.go:80.37,87.16 5 1
github.com/ottenwbe/recipes-manager/recipes/recipes_mongo_db.go:87.16,89.3 1 0
github.com/ottenwbe/recipes-manager/recipes/recipes_mongo_db.go:91.2,91.12 1 1
github.com/ottenwbe/recipes-manager/recipes/recipes_mongo_db.go:95.60,100.28 3 1
github.com/ottenwbe/recipes-manager/recipes/recipes_mongo_db.go:100.28,102.3 1 1
github.com/ottenwbe/recipes-manager/recipes/recipes_mongo_db.go:103.2,103.35 1 1
github.com/ottenwbe/recipes-manager/recipes/recipes_mongo_db.go:103.35,105.3 1 1
github.com/ottenwbe/recipes-manager/recipes/recipes_mongo_db.go:106.2,106.37 1 1
github.com/ottenwbe/recipes-manager/recipes/recipes_mongo_db.go:106.37,109.3 2 0
github.com/ottenwbe/recipes-manager/recipes/recipes_mongo_db.go:111.2,111.24 1 1
github.com/ottenwbe/recipes-manager/recipes/recipes_mongo_db.go:111.24,113.3 1 1
github.com/ottenwbe/recipes-manager/recipes/recipes_mongo_db.go:113.8,113.32 1 1
github.com/ottenwbe/recipes-manager/recipes/recipes_mongo_db.go:113.32,115.3 1 1
github.com/ottenwbe/recipes-manager/recipes/recipes_mongo_db.go:117.2,117.14 1 1
github.com/ottenwbe/recipes-manager/recipes/recipes_mongo_db.go:121.73,139.16 12 1
github.com/ottenwbe/recipes-manager/recipes/recipes_mongo_db.go:139.16,141.3 1 0
github.com/ottenwbe/recipes-manager/recipes/recipes_mongo_db.go:142.2,142.15 1 1
github.com/ottenwbe/recipes-manager/recipes/recipes_mongo_db.go:142.15,142.38 1 1
github.com/ottenwbe/recipes-manager/recipes/recipes_mongo_db.go:143.2,144.16 2 1
github.com/ottenwbe/recipes-manager/recipes/recipes_mongo_db.go:144.16,146.3 1 0
github.com/ottenwbe/recipes-manager/recipes/recipes_mongo_db.go:148.2,150.33 2 1
github.com/ottenwbe/recipes-manager/recipes/recipes_mongo_db.go:150.33,152.3 1 1
github.com/ottenwbe/recipes-manager/recipes/recipes_mongo_db.go:154.2,154.36 1 1
github.com/ottenwbe/recipes-manager/recipes/recipes_mongo_db.go:158.50,168.16 7 1
github.com/ottenwbe/recipes-manager/recipes/recipes_mongo_db.go:168.16,170.3 1 0
github.com/ottenwbe/recipes-manager/recipes/recipes_mongo_db.go:172.2,172.15 1 1
github.com/ottenwbe/recipes-manager/recipes/recipes_mongo_db.go:176.73,186.16 7 1
github.com/ottenwbe/recipes-manager/recipes/recipes_mongo_db.go:186.16,189.3 2 0
github.com/ottenwbe/recipes-manager/recipes/recipes_mongo_db.go:190.2,190.15 1 1
github.com/ottenwbe/recipes-manager/recipes/recipes_mongo_db.go:190.15,190.38 1 1
github.com/ottenwbe/recipes-manager/recipes/recipes_mongo_db.go:192.2,193.16 2 1
github.com/ottenwbe/recipes-manager/recipes/recipes_mongo_db.go:193.16,196.3 2 0
github.com/ottenwbe/recipes-manager/recipes/recipes_mongo_db.go:198.2,198.47 1 1
github.com/ottenwbe/recipes-manager/recipes/recipes_mongo_db.go:198.47,200.3 1 1
github.com/ottenwbe/recipes-manager/recipes/recipes_mongo_db.go:202.2,202.15 1 1
github.com/ottenwbe/recipes-manager/recipes/recipes_mongo_db.go:206.51,214.2 5 1
github.com/ottenwbe/recipes-manager/recipes/recipes_mongo_db.go:217.74,227.16 7 1
github.com/ottenwbe/recipes-manager/recipes/recipes_mongo_db.go:227.16,229.3 1 0
github.com/ottenwbe/recipes-manager/recipes/recipes_mongo_db.go:231.2,231.22 1 1
github.com/ottenwbe/recipes-manager/recipes/recipes_mongo_db.go:235.62,240.36 3 1
github.com/ottenwbe/recipes-manager/recipes/recipes_mongo_db.go:240.36,242.3 1 0
github.com/ottenwbe/recipes-manager/recipes/recipes_mongo_db.go:244.2,247.16 3 1
github.com/ottenwbe/recipes-manager/recipes/recipes_mongo_db.go:247.16,250.3 2 0
github.com/ottenwbe/recipes-manager/recipes/recipes_mongo_db.go:252.2,255.16 4 1
github.com/ottenwbe/recipes-manager/recipes/recipes_mongo_db.go:255.16,258.3 2 0
github.com/ottenwbe/recipes-manager/recipes/recipes_mongo_db.go:260.2,260.12 1 1
github.com/ottenwbe/recipes-manager/recipes/recipes_mongo_db.go:264.42,271.16 5 1
github.com/ottenwbe/recipes-manager/recipes/recipes_mongo_db.go:271.16,274.3 2 0
github.com/ottenwbe/recipes-manager/recipes/recipes_mongo_db.go:275.2,275.15 1 1
github.com/ottenwbe/recipes-manager/recipes/recipes_mongo_db.go:275.15,275.38 1 1
github.com/ottenwbe/recipes-manager/recipes/recipes_mongo_db.go:277.2,279.37 3 1
github.com/ottenwbe/recipes-manager/recipes/recipes_mongo_db.go:279.37,282.3 2 1
github.com/ottenwbe/recipes-manager/recipes/recipes_mongo_db.go:284.2,284.19 1 1
github.com/ottenwbe/recipes-manager/recipes/recipes_mongo_db.go:288.67,295.16 5 1
github.com/ottenwbe/recipes-manager/recipes/recipes_mongo_db.go:295.16,298.3 2 0
github.com/ottenwbe/recipes-manager/recipes/recipes_mongo_db.go:300.2,300.12 1 1
github.com/ottenwbe/recipes-manager/recipes/recipes_mongo_db.go:304.54,311.16 5 1
github.com/ottenwbe/recipes-manager/recipes/recipes_mongo_db.go:311.16,314.3 2 0
github.com/ottenwbe/recipes-manager/recipes/recipes_mongo_db.go:316.2,316.12 1 1
github.com/ottenwbe/recipes-manager/recipes/recipes_mongo_db.go:320.38,322.2 1 1
github.com/ottenwbe/recipes-manager/recipes/recipes_mongo_db.go:325.57,333.2 5 1
github.com/ottenwbe/recipes-manager/recipes/recipes_mongo_db.go:336.65,347.2 7 1
github.com/ottenwbe/recipes-manager/recipes/recipes_mongo_db.go:350.39,352.2 1 1
github.com/ottenwbe/recipes-manager/recipes/recipes_mongo_db.go:355.52,356.26 1 1
github.com/ottenwbe/recipes-manager/recipes/recipes_mongo_db.go:356.26,358.3 1 1
github.com/ottenwbe/recipes-manager/recipes/recipes_mongo_db.go:360.2,361.16 2 1
github.com/ottenwbe/recipes-manager/recipes/recipes_mongo_db.go:361.16,363.3 1 0
github.com/ottenwbe/recipes-manager/recipes/recipes_mongo_db.go:365.2,366.16 2 1
github.com/ottenwbe/recipes-manager/recipes/recipes_mongo_db.go:366.16,369.3 2 0
github.com/ottenwbe/recipes-manager/recipes/recipes_mongo_db.go:370.2,371.16 2 1
github.com/ottenwbe/recipes-manager/recipes/recipes_mongo_db.go:371.16,374.3 2 0
github.com/ottenwbe/recipes-manager/recipes/recipes_mongo_db.go:376.2,376.12 1 1
github.com/ottenwbe/recipes-manager/recipes/recipes_mongo_db.go:380.46,382.2 1 1
github.com/ottenwbe/recipes-manager/recipes/recipes_mongo_db.go:384.51,389.16 3 1
github.com/ottenwbe/recipes-manager/recipes/recipes_mongo_db.go:389.16,391.3 1 0
github.com/ottenwbe/recipes-manager/recipes/recipes_mongo_db.go:393.2,394.16 2 1
github.com/ottenwbe/recipes-manager/recipes/recipes_mongo_db.go:394.16,396.3 1 0
github.com/ottenwbe/recipes-manager/recipes/recipes_mongo_db.go:398.2,398.12 1 1
github.com/ottenwbe/recipes-manager/recipes/recipes_mongo_db.go:401.75,419.16 6 1
github.com/ottenwbe/recipes-manager/recipes/recipes_mongo_db.go:419.16,421.3 1 0
github.com/ottenwbe/recipes-manager/recipes/recipes_mongo_db.go:422.2,422.12 1 1
github.com/ottenwbe/recipes-manager/recipes/recipes_mongo_db.go:425.66,440.2 5 1
github.com/ottenwbe/recipes-manager/recipes/recipes_mongo_db.go:442.52,455.16 6 1
github.com/ottenwbe/recipes-manager/recipes/recipes_mongo_db.go:455.16,457.3 1 0
github.com/ottenwbe/recipes-manager/recipes/recipes_mongo_db.go:459.2,459.12 1 1
github.com/ottenwbe/recipes-manager/recipes/recipes_mongo_db.go:462.66,464.2 1 1
github.com/ottenwbe/recipes-manager/recipes/recipes_mongo_db.go:466.66,468.2 1 1
github.com/ottenwbe/recipes-manager/recipes/recipes_mongo_db.go:470.50,472.2 1 1
github.com/ottenwbe/recipes-manager/recipes/utils.go:8.43,11.26 3 1
github.com/ottenwbe/recipes-manager/recipes/utils.go:11.26,12.27 1 1
github.com/ottenwbe/recipes-manager/recipes/utils.go:12.27,13.12 1 1
github.com/ottenwbe/recipes-manager/recipes/utils.go:15.3,17.9 3 1
github.com/ottenwbe/recipes-manager/recipes/utils.go:19.2,19.21 1 1
github.com/ottenwbe/recipes-manager/sources/drive_client.go:55.71,56.23 1 0
github.com/ottenwbe/recipes-manager/sources/drive_client.go:59.65,63.2 1 0
github.com/ottenwbe/recipes-manager/sources/drive_client.go:65.164,68.38 3 0
github.com/ottenwbe/recipes-manager/sources/drive_client.go:68.38,70.17 2 0
github.com/ottenwbe/recipes-manager/sources/drive_client.go:70.17,72.4 1 0
github.com/ottenwbe/recipes-manager/sources/drive_client.go:72.9,74.18 2 0
github.com/ottenwbe/recipes-manager/sources/drive_client.go:74.18,76.5 1 0
github.com/ottenwbe/recipes-manager/sources/drive_client.go:77.4,78.72 2 0
github.com/ottenwbe/recipes-manager/sources/drive_client.go:81.2,81.38 1 0
github.com/ottenwbe/recipes-manager/sources/drive_client.go:84.82,85.28 1 0
github.com/ottenwbe/recipes-manager/sources/drive_client.go:88.212,89.34 1 0
github.com/ottenwbe/recipes-manager/sources/drive_client.go:89.34,90.39 1 0
github.com/ottenwbe/recipes-manager/sources/drive_client.go:90.39,92.4 1 0
github.com/ottenwbe/recipes-manager/sources/drive_client.go:93.3,93.33 1 0
github.com/ottenwbe/recipes-manager/sources/drive_client.go:95.2,95.23 1 0
github.com/ottenwbe/recipes-manager/sources/drive_client.go:99.61,101.2 1 0
github.com/ottenwbe/recipes-manager/sources/drive_client.go:104.56,106.2 1 0
github.com/ottenwbe/recipes-manager/sources/drive_client.go:108.58,110.2 1 0
github.com/ottenwbe/recipes-manager/sources/drive_client.go:113.89,115.41 2 0
github.com/ottenwbe/recipes-manager/sources/drive_client.go:115.41,117.3 1 0
github.com/ottenwbe/recipes-manager/sources/drive_client.go:118.2,118.12 1 0
github.com/ottenwbe/recipes-manager/sources/drive_client.go:122.88,124.36 2 0
github.com/ottenwbe/recipes-manager/sources/drive_client.go:124.36,126.3 1 0
github.com/ottenwbe/recipes-manager/sources/drive_client.go:127.2,127.12 1 0
github.com/ottenwbe/recipes-manager/sources/drive_client.go:130.38,131.26 1 0
github.com/ottenwbe/recipes-manager/sources/drive_client.go:131.26,133.3 1 0
github.com/ottenwbe/recipes-manager/sources/drive_client.go:137.69,139.2 1 0
github.com/ottenwbe/recipes-manager/sources/drive_client.go:142.72,144.2 1 0
github.com/ottenwbe/recipes-manager/sources/drive_client.go:147.65,149.35 2 0
github.com/ottenwbe/recipes-manager/sources/drive_client.go:149.35,150.40 1 0
github.com/ottenwbe/recipes-manager/sources/drive_client.go:150.40,152.4 1 0
github.com/ottenwbe/recipes-manager/sources/drive_client.go:154.2,154.35 1 0
github.com/ottenwbe/recipes-manager/sources/drive_client.go:158.36,161.2 2 0
github.com/ottenwbe/recipes-manager/sources/drive_client.go:164.49,168.20 4 0
github.com/ottenwbe/recipes-manager/sources/drive_client.go:168.20,171.3 2 0
github.com/ottenwbe/recipes-manager/sources/drive_client.go:172.2,172.35 1 0
github.com/ottenwbe/recipes-manager/sources/drive_client.go:176.76,179.34 3 0
github.com/ottenwbe/recipes-manager/sources/drive_client.go:179.34,181.3 1 0
github.com/ottenwbe/recipes-manager/sources/drive_client.go:182.2,182.49 1 0
github.com/ottenwbe/recipes-manager/sources/drive_client.go:186.49,189.2 2 0
github.com/ottenwbe/recipes-manager/sources/drive_client.go:208.37,211.16 2 0
github.com/ottenwbe/recipes-manager/sources/drive_client.go:211.16,213.3 1 0
github.com/ottenwbe/recipes-manager/sources/drive_client.go:215.2,215.21 1 0
github.com/ottenwbe/recipes-manager/sources/drive_client.go:219.37,221.2 1 0
github.com/ottenwbe/recipes-manager/sources/drive_client.go:224.40,226.2 1 0
github.com/ottenwbe/recipes-manager/sources/drive_client.go:229.49,231.2 1 0
github.com/ottenwbe/recipes-manager/sources/drive_client.go:234.45,237.16 3 1
github.com/ottenwbe/recipes-manager/sources/drive_client.go:237.16,239.3 1 1
github.com/ottenwbe/recipes-manager/sources/drive_client.go:240.2,241.21 2 0
github.com/ottenwbe/recipes-manager/sources/drive_client.go:241.21,243.3 1 0
github.com/ottenwbe/recipes-manager/sources/drive_client.go:244.2,244.8 1 0
github.com/ottenwbe/recipes-manager/sources/drive_client.go:248.50,252.2 3 1
github.com/ottenwbe/recipes-manager/sources/drive_client.go:255.40,257.2 1 0
github.com/ottenwbe/recipes-manager/sources/drive_client.go:260.61,262.16 2 0
github.com/ottenwbe/recipes-manager/sources/drive_client.go:262.16,264.3 1 0
github.com/ottenwbe/recipes-manager/sources/drive_client.go:265.2,265.40 1 0
github.com/ottenwbe/recipes-manager/sources/drive_client.go:268.68,271.16 3 0
github.com/ottenwbe/recipes-manager/sources/drive_client.go:271.16,273.3 1 0
github.com/ottenwbe/recipes-manager/sources/drive_client.go:274.2,275.17 2 0
github.com/ottenwbe/recipes-manager/sources/drive_client.go:278.81,281.16 3 0
github.com/ottenwbe/recipes-manager/sources/drive_client.go:281.16,283.3 1 0
github.com/ottenwbe/recipes-manager/sources/drive_client.go:284.2,285.12 2 0
github.com/ottenwbe/recipes-manager/sources/drive_client.go:288.66,290.16 2 1
github.com/ottenwbe/recipes-manager/sources/drive_client.go:290.16,292.3 1 1
github.com/ottenwbe/recipes-manager/sources/drive_client.go:294.2,295.16 2 0
github.com/ottenwbe/recipes-manager/sources/drive_client.go:295.16,297.3 1 0
github.com/ottenwbe/recipes-manager/sources/drive_client.go:298.2,298.20 1 0
github.com/ottenwbe/recipes-manager/sources/drive_client.go:302.66,304.2 1 1
github.com/ottenwbe/recipes-manager/sources/drive_client.go:308.62,311.16 3 0
github.com/ottenwbe/recipes-manager/sources/drive_client.go:311.16,313.3 1 0
github.com/ottenwbe/recipes-manager/sources/drive_client.go:314.2,316.16 3 0
github.com/ottenwbe/recipes-manager/sources/drive_client.go:316.16,318.3 1 0
github.com/ottenwbe/recipes-manager/sources/drive_client.go:319.2,319.23 1 0
github.com/ottenwbe/recipes-manager/sources/drive_client.go:325.60,329.16 4 0
github.com/ottenwbe/recipes-manager/sources/drive_client.go:329.16,331.3 1 0
github.com/ottenwbe/recipes-manager/sources/drive_client.go:332.2,332.15 1 0
github.com/ottenwbe/recipes-manager/sources/drive_client.go:332.15,332.32 1 0
github.com/ottenwbe/recipes-manager/sources/drive_client.go:333.2,333.41 1 0
github.com/ottenwbe/recipes-manager/sources/drive_client.go:336.42,338.2 1 0
github.com/ottenwbe/recipes-manager/sources/drive_client.go:340.57,342.16 2 0
github.com/ottenwbe/recipes-manager/sources/drive_client.go:342.16,344.3 1 0
github.com/ottenwbe/recipes-manager/sources/drive_client.go:345.2,346.26 2 0
github.com/ottenwbe/recipes-manager/sources/drive_client.go:346.26,348.29 1 0
github.com/ottenwbe/recipes-manager/sources/drive_client.go:348.29,349.35 1 0
github.com/ottenwbe/recipes-manager/sources/drive_client.go:349.35,351.5 1 0
github.com/ottenwbe/recipes-manager/sources/drive_client.go:354.3,354.58 1 0
github.com/ottenwbe/recipes-manager/sources/drive_client.go:354.58,356.18 2 0
github.com/ottenwbe/recipes-manager/sources/drive_client.go:356.18,358.5 1 0
github.com/ottenwbe/recipes-manager/sources/drive_client.go:361.2,362.16 2 0
github.com/ottenwbe/recipes-manager/sources/drive_client.go:362.16,364.3 1 0
github.com/ottenwbe/recipes-manager/sources/drive_client.go:366.2,366.11 1 0
github.com/ottenwbe/recipes-manager/sources/drive_client.go:369.69,374.16 3 0
github.com/ottenwbe/recipes-manager/sources/drive_client.go:374.16,376.3 1 0
github.com/ottenwbe/recipes-manager/sources/drive_client.go:378.2,378.24 1 0
github.com/ottenwbe/recipes-manager/sources/drive_client.go:381.13,387.2 4 1
github.com/ottenwbe/recipes-manager/sources/drive_parser.go:62.123,65.2 2 1
github.com/ottenwbe/recipes-manager/sources/drive_parser.go:67.71,74.2 1 1
github.com/ottenwbe/recipes-manager/sources/drive_parser.go:76.57,78.2 1 1
github.com/ottenwbe/recipes-manager/sources/drive_parser.go:80.119,88.14 3 1
github.com/ottenwbe/recipes-manager/sources/drive_parser.go:88.14,99.20 6 1
github.com/ottenwbe/recipes-manager/sources/drive_parser.go:100.24,109.55 5 1
github.com/ottenwbe/recipes-manager/sources/drive_parser.go:111.23,113.22 1 1
github.com/ottenwbe/recipes-manager/sources/drive_parser.go:115.27,117.51 1 1
github.com/ottenwbe/recipes-manager/sources/drive_parser.go:119.11,119.11 0 1
github.com/ottenwbe/recipes-manager/sources/drive_parser.go:124.2,124.34 1 1
github.com/ottenwbe/recipes-manager/sources/drive_parser.go:127.103,128.17 1 1
github.com/ottenwbe/recipes-manager/sources/drive_parser.go:130.11,131.39 1 1
github.com/ottenwbe/recipes-manager/sources/drive_parser.go:131.39,134.4 2 1
github.com/ottenwbe/recipes-manager/sources/drive_parser.go:135.13,144.89 6 1
github.com/ottenwbe/recipes-manager/sources/drive_parser.go:148.75,154.14 2 1
github.com/ottenwbe/recipes-manager/sources/drive_parser.go:154.14,158.27 3 1
github.com/ottenwbe/recipes-manager/sources/drive_parser.go:158.27,160.4 1 1
github.com/ottenwbe/recipes-manager/sources/drive_parser.go:160.9,160.34 1 1
github.com/ottenwbe/recipes-manager/sources/drive_parser.go:160.34,162.18 2 1
github.com/ottenwbe/recipes-manager/sources/drive_parser.go:162.18,164.5 1 1
github.com/ottenwbe/recipes-manager/sources/drive_parser.go:165.4,165.38 1 1
github.com/ottenwbe/recipes-manager/sources/drive_parser.go:168.2,168.20 1 1
github.com/ottenwbe/recipes-manager/sources/drive_parser.go:171.53,172.42 1 1
github.com/ottenwbe/recipes-manager/sources/drive_parser.go:172.42,175.3 2 1
github.com/ottenwbe/recipes-manager/sources/drive_parser.go:175.8,175.49 1 1
github.com/ottenwbe/recipes-manager/sources/drive_parser.go:175.49,178.3 2 1
github.com/ottenwbe/recipes-manager/sources/drive_parser.go:178.8,178.39 1 1
github.com/ottenwbe/recipes-manager/sources/drive_parser.go:178.39,181.3 2 1
github.com/ottenwbe/recipes-manager/sources/drive_parser.go:181.8,181.44 1 1
github.com/ottenwbe/recipes-manager/sources/drive_parser.go:181.44,184.3 2 1
github.com/ottenwbe/recipes-manager/sources/drive_parser.go:184.8,184.45 1 1
github.com/ottenwbe/recipes-manager/sources/drive_parser.go:184.45,187.3 2 1
github.com/ottenwbe/recipes-manager/sources/drive_parser.go:195.58,202.18 5 1
github.com/ottenwbe/recipes-manager/sources/drive_parser.go:202.18,204.17 2 1
github.com/ottenwbe/recipes-manager/sources/drive_parser.go:204.17,206.4 1 0
github.com/ottenwbe/recipes-manager/sources/drive_parser.go:209.2,210.19 2 1
github.com/ottenwbe/recipes-manager/sources/drive_parser.go:210.19,212.3 1 1
github.com/ottenwbe/recipes-manager/sources/drive_parser.go:214.2,215.20 2 1
github.com/ottenwbe/recipes-manager/sources/drive_parser.go:215.20,217.3 1 1
github.com/ottenwbe/recipes-manager/sources/drive_parser.go:217.8,217.26 1 1
github.com/ottenwbe/recipes-manager/sources/drive_parser.go:217.26,219.3 1 1
github.com/ottenwbe/recipes-manager/sources/drive_parser.go:221.2,221.114 1 1
github.com/ottenwbe/recipes-manager/sources/drive_parser.go:224.46,226.2 1 1
github.com/ottenwbe/recipes-manager/sources/drive_parser.go:228.108,229.19 1 1
github.com/ottenwbe/recipes-manager/sources/drive_parser.go:229.19,231.3 1 0
github.com/ottenwbe/recipes-manager/sources/drive_parser.go:231.8,231.45 1 1
github.com/ottenwbe/recipes-manager/sources/drive_parser.go:231.45,233.3 1 1
github.com/ottenwbe/recipes-manager/sources/drive_parser.go:234.2,234.20 1 1
github.com/ottenwbe/recipes-manager/sources/drive_parser.go:247.13,253.2 4 1
github.com/ottenwbe/recipes-manager/sources/images.go:40.68,45.16 3 1
github.com/ottenwbe/recipes-manager/sources/images.go:45.16,48.3 1 1
github.com/ottenwbe/recipes-manager/sources/images.go:49.2,49.15 1 0
github.com/ottenwbe/recipes-manager/sources/images.go:49.15,49.44 1 0
github.com/ottenwbe/recipes-manager/sources/images.go:51.2,52.16 2 0
github.com/ottenwbe/recipes-manager/sources/images.go:52.16,54.3 1 0
github.com/ottenwbe/recipes-manager/sources/images.go:57.2,62.23 3 0
github.com/ottenwbe/recipes-manager/sources/images.go:66.51,68.16 2 0
github.com/ottenwbe/recipes-manager/sources/images.go:68.16,71.3 2 0
github.com/ottenwbe/recipes-manager/sources/images.go:74.2,79.23 3 0
github.com/ottenwbe/recipes-manager/sources/repository.go:40.27,44.2 1 1
github.com/ottenwbe/recipes-manager/sources/repository.go:47.49,50.30 2 0
github.com/ottenwbe/recipes-manager/sources/repository.go:50.30,52.3 1 0
github.com/ottenwbe/recipes-manager/sources/repository.go:54.2,54.29 1 0
github.com/ottenwbe/recipes-manager/sources/repository.go:58.74,61.24 2 1
github.com/ottenwbe/recipes-manager/sources/repository.go:61.24,63.3 1 1
github.com/ottenwbe/recipes-manager/sources/repository.go:65.2,65.49 1 0
github.com/ottenwbe/recipes-manager/sources/repository.go:68.75,71.30 2 1
github.com/ottenwbe/recipes-manager/sources/repository.go:71.30,73.3 1 1
github.com/ottenwbe/recipes-manager/sources/repository.go:75.2,75.15 1 1
github.com/ottenwbe/recipes-manager/sources/repository.go:79.88,80.19 1 1
github.com/ottenwbe/recipes-manager/sources/repository.go:80.19,83.3 2 1
github.com/ottenwbe/recipes-manager/sources/repository.go:84.2,84.57 1 0
github.com/ottenwbe/recipes-manager/sources/repository.go:88.56,91.2 2 1
github.com/ottenwbe/recipes-manager/sources/repository.go:95.66,96.19 1 1
github.com/ottenwbe/recipes-manager/sources/repository.go:96.19,99.3 2 1
github.com/ottenwbe/recipes-manager/sources/repository.go:100.2,100.60 1 0
github.com/ottenwbe/recipes-manager/sources/repository.go:104.68,105.34 1 0
github.com/ottenwbe/recipes-manager/sources/repository.go:105.34,107.3 1 0
github.com/ottenwbe/recipes-manager/sources/repository.go:108.2,108.52 1 0
github.com/ottenwbe/recipes-manager/sources/repository.go:112.79,113.34 1 1
github.com/ottenwbe/recipes-manager/sources/repository.go:113.34,115.3 1 1
github.com/ottenwbe/recipes-manager/sources/repository.go:116.2,116.78 1 1
github.com/ottenwbe/recipes-manager/sources/source.go:38.53,41.2 2 1
github.com/ottenwbe/recipes-manager/sources/source.go:44.35,46.2 1 0
github.com/ottenwbe/recipes-manager/sources/source.go:66.116,74.2 1 1
github.com/ottenwbe/recipes-manager/sources/source.go:77.55,85.2 1 1
github.com/ottenwbe/recipes-manager/sources/source_api.go:53.78,60.2 1 0
github.com/ottenwbe/recipes-manager/sources/source_api.go:69.66,71.2 1 0
github.com/ottenwbe/recipes-manager/sources/source_api.go:74.89,76.2 1 0
github.com/ottenwbe/recipes-manager/sources/source_api.go:78.91,93.2 5 0
github.com/ottenwbe/recipes-manager/sources/source_api.go:103.65,104.38 1 0
github.com/ottenwbe/recipes-manager/sources/source_api.go:104.38,109.24 4 0
github.com/ottenwbe/recipes-manager/sources/source_api.go:109.24,112.4 2 0
github.com/ottenwbe/recipes-manager/sources/source_api.go:114.3,115.17 2 0
github.com/ottenwbe/recipes-manager/sources/source_api.go:115.17,118.4 2 0
github.com/ottenwbe/recipes-manager/sources/source_api.go:120.3,123.17 3 0
github.com/ottenwbe/recipes-manager/sources/source_api.go:123.17,127.4 3 0
github.com/ottenwbe/recipes-manager/sources/source_api.go:129.3,129.48 1 0
github.com/ottenwbe/recipes-manager/sources/source_api.go:141.65,142.38 1 0
github.com/ottenwbe/recipes-manager/sources/source_api.go:142.38,150.17 6 0
github.com/ottenwbe/recipes-manager/sources/source_api.go:150.17,153.4 2 0
github.com/ottenwbe/recipes-manager/sources/source_api.go:155.3,156.17 2 0
github.com/ottenwbe/recipes-manager/sources/source_api.go:156.17,159.4 2 0
github.com/ottenwbe/recipes-manager/sources/source_api.go:161.3,166.39 2 0
github.com/ottenwbe/recipes-manager/sources/source_api.go:177.64,178.38 1 0
github.com/ottenwbe/recipes-manager/sources/source_api.go:178.38,180.17 2 0
github.com/ottenwbe/recipes-manager/sources/source_api.go:180.17,183.4 2 0
github.com/ottenwbe/recipes-manager/sources/source_api.go:184.3,185.38 2 0
github.com/ottenwbe/recipes-manager/sources/source_api.go:185.38,187.4 1 0
github.com/ottenwbe/recipes-manager/sources/source_api.go:189.3,189.32 1 0
github.com/ottenwbe/recipes-manager/sources/source_api.go:201.103,202.38 1 0
github.com/ottenwbe/recipes-manager/sources/source_api.go:202.38,207.17 4 0
github.com/ottenwbe/recipes-manager/sources/source_api.go:207.17,210.4 2 0
github.com/ottenwbe/recipes-manager/sources/source_api.go:212.3,212.47 1 0
github.com/ottenwbe/recipes-manager/sources/source_api.go:212.47,215.18 3 0
github.com/ottenwbe/recipes-manager/sources/source_api.go:215.18,217.5 1 0
github.com/ottenwbe/recipes-manager/sources/source_api.go:218.4,218.58 1 0
github.com/ottenwbe/recipes-manager/sources/source_api.go:218.58,221.19 3 0
github.com/ottenwbe/recipes-manager/sources/source_api.go:221.19,223.6 1 0
github.com/ottenwbe/recipes-manager/sources/source_api.go:227.3,227.30 1 0
github.com/ottenwbe/recipes-manager/sources/source_api.go:231.75,233.16 2 0
github.com/ottenwbe/recipes-manager/sources/source_api.go:233.16,235.3 1 0
github.com/ottenwbe/recipes-manager/sources/source_api.go:236.2,237.16 2 0
github.com/ottenwbe/recipes-manager/sources/source_api.go:237.16,239.3 1 0
github.com/ottenwbe/recipes-manager/sources/source_api.go:240.2,240.17 1 0
github.com/ottenwbe/recipes-manager/sources/source_api.go:243.110,245.16 2 0
github.com/ottenwbe/recipes-manager/sources/source_api.go:245.16,247.3 1 0
github.com/ottenwbe/recipes-manager/sources/source_api.go:248.2,249.16 2 0
github.com/ottenwbe/recipes-manager/sources/source_api.go:249.16,251.3 1 0
github.com/ottenwbe/recipes-manager/sources/source_api.go:252.2,252.17 1 0
github.com/ottenwbe/recipes-manager/sources/source_api.go:255.62,256.30 1 0
github.com/ottenwbe/recipes-manager/sources/source_api.go:256.30,259.3 2 0
github.com/ottenwbe/recipes-manager/sources/source_api.go:260.2,260.13 1 0
github.com/ottenwbe/recipes-manager/sources/source_api.go:274.13,277.2 2 1
github.com/ottenwbe/recipes-manager/sources/utils.go:10.34,15.34 2 1
github.com/ottenwbe/recipes-manager/sources/utils.go:15.34,17.3 1 1
github.com/ottenwbe/recipes-manager/sources/utils.go:18.2,19.21 2 1
